<?xml version="1.0" encoding="UTF-8"?>
<testng-results ignored="0" total="1" passed="1" failed="0" skipped="0">
  <reporter-output>
  </reporter-output>
  <suite started-at="2023-02-03T18:18:43 CAT" name="Suite" finished-at="2023-02-03T18:19:08 CAT" duration-ms="25106">
    <groups>
    </groups>
    <test started-at="2023-02-03T18:18:43 CAT" name="Test1" finished-at="2023-02-03T18:19:08 CAT" duration-ms="25106">
      <class name="testCases.AutomationTest">
        <test-method is-config="true" signature="LuanchBrowser()[pri:0, instance:testCases.AutomationTest@1280851e]" started-at="2023-02-03T18:18:44 CAT" name="LuanchBrowser" finished-at="2023-02-03T18:19:01 CAT" duration-ms="17662" status="PASS">
          <reporter-output>
          </reporter-output>
        </test-method> <!-- LuanchBrowser -->
        <test-method signature="TechnicalAssessment(java.lang.Object)[pri:0, instance:testCases.AutomationTest@1280851e]" started-at="2023-02-03T18:19:01 CAT" name="TechnicalAssessment" data-provider="Data" finished-at="2023-02-03T18:19:07 CAT" duration-ms="5276" status="PASS">
          <params>
            <param index="0">
              <value>
                <![CDATA[{TesctCaseName=QA Expertise Test Automation Testing , SelectRepublic=Republic, TC_ID=TC001, SelectCountry=South}]]>
              </value>
            </param>
          </params>
          <reporter-output>
          </reporter-output>
        </test-method> <!-- TechnicalAssessment -->
        <test-method is-config="true" signature="tearDown()[pri:0, instance:testCases.AutomationTest@1280851e]" started-at="2023-02-03T18:19:07 CAT" name="tearDown" finished-at="2023-02-03T18:19:08 CAT" duration-ms="1322" status="PASS">
          <reporter-output>
          </reporter-output>
        </test-method> <!-- tearDown -->
      </class> <!-- testCases.AutomationTest -->
    </test> <!-- Test1 -->
  </suite> <!-- Suite -->
</testng-results>
