<?xml version="1.0" encoding="UTF-8"?>
<testng-results ignored="0" total="1" passed="1" failed="0" skipped="0">
  <reporter-output>
  </reporter-output>
  <suite started-at="2022-08-22T08:44:01 CAT" name="Suite" finished-at="2022-08-22T08:45:03 CAT" duration-ms="61846">
    <groups>
    </groups>
    <test started-at="2022-08-22T08:44:01 CAT" name="Test1" finished-at="2022-08-22T08:45:03 CAT" duration-ms="61846">
      <class name="testCases.kurtosysTestCase">
        <test-method is-config="true" signature="LuanchBrowser()[pri:0, instance:testCases.kurtosysTestCase@71178a52]" started-at="2022-08-22T08:44:02 CAT" name="LuanchBrowser" finished-at="2022-08-22T08:44:49 CAT" duration-ms="46805" status="PASS">
          <reporter-output>
          </reporter-output>
        </test-method> <!-- LuanchBrowser -->
        <test-method signature="KurtosysTechnicalAssessment(java.lang.Object)[pri:0, instance:testCases.kurtosysTestCase@71178a52]" started-at="2022-08-22T08:44:49 CAT" name="KurtosysTechnicalAssessment" data-provider="Data" finished-at="2022-08-22T08:45:03 CAT" duration-ms="14232" status="PASS">
          <params>
            <param index="0">
              <value>
                <![CDATA[{Industry=Finance, Company=Kurtosys, TC_ID=TC001, FirstName=Zwivhuya, TesctCaseName=Fillout all the fields with valid data and make email field null, LastName=Netshabumu}]]>
              </value>
            </param>
          </params>
          <reporter-output>
          </reporter-output>
        </test-method> <!-- KurtosysTechnicalAssessment -->
        <test-method is-config="true" signature="tearDown()[pri:0, instance:testCases.kurtosysTestCase@71178a52]" started-at="2022-08-22T08:45:03 CAT" name="tearDown" finished-at="2022-08-22T08:45:03 CAT" duration-ms="262" status="PASS">
          <reporter-output>
          </reporter-output>
        </test-method> <!-- tearDown -->
      </class> <!-- testCases.kurtosysTestCase -->
    </test> <!-- Test1 -->
  </suite> <!-- Suite -->
</testng-results>
