<?xml version="1.0" encoding="UTF-8"?>
<!-- Generated by org.testng.reporters.JUnitReportReporter -->
<testsuite hostname="DESKTOP-25KE1F9" failures="0" tests="1" name="runner.TestRunner" time="17.070" errors="1" timestamp="2022-10-14T01:00:19 CAT" skipped="0">
  <testcase classname="runner.TestRunner" name="runScenario" time="17.070">
    <error type="java.lang.NullPointerException">
      <![CDATA[java.lang.NullPointerException
at reusableMethods.ActionMethods.moveToElement_custom(ActionMethods.java:83)
at pageObjects.LandingPage.NavigateToResource(LandingPage.java:21)
at stepsDefinitions.LoginStepsDefinitions.user_enters_username(LoginStepsDefinitions.java:24)
at ✽.User enters username(file:///C:/Users/Zwivhuya/Automation_Practice/EKunduPractice/FeatureFile/Login.feature:8)
]]>
    </error>
  </testcase> <!-- runScenario -->
  <system-out/>
</testsuite> <!-- runner.TestRunner -->
